<?xml version="1.0" encoding="UTF-8"?>
<!-- Generated by org.testng.reporters.JUnitReportReporter -->
<testsuite hostname="DESKTOP-EUEGJ9K" failures="0" tests="1" name="productTest.Example2Test" time="2.937" errors="0" timestamp="2025-07-23T10:17:18 IST" skipped="0">
  <testcase classname="productTest.Example2Test" name="orderProducts" time="2.937"/>
  <system-out>
    <![CDATA[Browser setup is done
Login successfully
Logout is done]]>
  </system-out>
</testsuite> <!-- productTest.Example2Test -->
