<?xml version="1.0" encoding="UTF-8"?>
<!-- Generated by org.testng.reporters.JUnitReportReporter -->
<testsuite hostname="DESKTOP-EUEGJ9K" failures="0" tests="3" name="productTest.Example1Test" time="3.520" errors="0" timestamp="2025-07-31T11:09:16 IST" skipped="0">
  <testcase classname="productTest.Example1Test" name="Addproduct2" time="0.658"/>
  <testcase classname="productTest.Example1Test" name="Addproduct3" time="0.570"/>
  <testcase classname="productTest.Example1Test" name="orderProducts" time="2.292">
    <system-out>
      <![CDATA[Anusha
Ch
 500018]]>
    </system-out>
  </testcase> <!-- orderProducts -->
  <system-out>
    <![CDATA[Browser setup is done
Login successfully
Logout is done
Login successfully
Logout is done
Login successfully
Anusha
Ch
 500018
Logout is done]]>
  </system-out>
</testsuite> <!-- productTest.Example1Test -->
